2026-07-07 20:39:32.768 | DEBUG    | src.infra.logger:setup_logger:49 - File sink successfully attached at C:\mlops\projects\energy_forecasting\logs\pipeline.log
2026-07-07 20:39:32.769 | INFO     | __main__:main:24 - System Bootstrapping...
2026-07-07 20:39:32.769 | INFO     | src.infra.artifact_manager:__init__:35 - ArtifactManager initialized
2026-07-07 20:39:32.769 | INFO     | src.core.preprocessing_service:__init__:22 - DataPreprocessor initialized
2026-07-07 20:39:32.770 | INFO     | src.core.feature_engineering:__init__:17 - FeatureEngineer initialized
2026-07-07 20:39:32.770 | INFO     | src.core.splitter_service:__init__:16 - TimeSeriesSplitter initialized
2026-07-07 20:39:32.770 | INFO     | src.core.train_orchestrator:run:188 - Configuration loaded successfully.
2026-07-07 20:39:32.770 | INFO     | src.core.train_orchestrator:run:189 - Pipeline started
2026-07-07 20:39:32.770 | INFO     | src.core.train_orchestrator:_phase_ingestion:70 - Loading raw data
2026-07-07 20:39:32.770 | INFO     | src.core.train_orchestrator:_phase_ingestion:73 - Resolved raw data file: data\raw\LD2011_2014.txt
2026-07-07 20:39:32.771 | INFO     | src.core.ingestion_service:load_raw_energy_data:19 - Starting raw energy data ingestion
2026-07-07 20:39:32.771 | INFO     | src.infra.data_repository:read_csv:54 - Attempting to read CSV
2026-07-07 20:39:32.798 | DEBUG    | src.infra.data_repository:read_csv:82 - Resolved dtypes from schema
2026-07-07 20:39:39.813 | INFO     | src.infra.data_repository:read_csv:99 - CSV ingestion successful
2026-07-07 20:39:40.463 | INFO     | src.core.ingestion_service:load_raw_energy_data:58 - Ingestion successful
2026-07-07 20:39:40.464 | INFO     | src.core.train_orchestrator:_phase_ingestion:78 - Validating Raw Data Contract...
2026-07-07 20:39:40.464 | DEBUG    | src.core.validator:__init__:47 - Validator initialized.
Explicit: {'timestamp': 'datetime64[ns]'}Patterns: [{'pattern': '^MT_\\d{3}$', 'type': 'object'}]
2026-07-07 20:39:40.465 | INFO     | src.core.validator:validate:54 - Starting contract validation...
2026-07-07 20:39:40.473 | SUCCESS  | src.core.validator:validate:88 - Contract validation passed.
2026-07-07 20:39:40.474 | INFO     | src.core.train_orchestrator:_phase_preprocessing:88 - Preprocessing started...
2026-07-07 20:39:40.474 | INFO     | src.core.preprocessing_service:clean_data:30 - Starting data cleaning phase
2026-07-07 20:39:40.618 | DEBUG    | src.core.preprocessing_service:clean_data:46 - Dropped columns
2026-07-07 20:40:04.941 | DEBUG    | src.core.preprocessing_service:clean_data:59 - Converted MT_* columns to numeric
2026-07-07 20:40:05.061 | DEBUG    | src.core.preprocessing_service:clean_data:75 - Applied frequency conversion
2026-07-07 20:40:05.251 | DEBUG    | src.core.preprocessing_service:clean_data:108 - Applied imputation
2026-07-07 20:40:05.251 | INFO     | src.core.preprocessing_service:clean_data:115 - Data cleaning completed
2026-07-07 20:40:05.251 | INFO     | src.core.train_orchestrator:_phase_preprocessing:94 - Validating Preprocessed Data Contract...
2026-07-07 20:40:05.252 | DEBUG    | src.core.validator:__init__:47 - Validator initialized.
Explicit: {'timestamp': 'datetime64[ns]'}Patterns: [{'pattern': '^MT_\\d{3}$', 'type': 'float64'}]
2026-07-07 20:40:05.252 | INFO     | src.core.validator:validate:54 - Starting contract validation...
2026-07-07 20:40:05.259 | SUCCESS  | src.core.validator:validate:88 - Contract validation passed.
2026-07-07 20:40:05.260 | INFO     | src.core.train_orchestrator:_phase_feature_engineering:107 - Feature Engineering started...
2026-07-07 20:40:05.260 | INFO     | src.core.feature_engineering:transform:25 - Starting feature engineering
2026-07-07 20:40:05.865 | DEBUG    | src.core.feature_engineering:transform:44 - Created total_load feature
2026-07-07 20:40:05.884 | DEBUG    | src.core.feature_engineering:transform:64 - Created time-based features
2026-07-07 20:40:05.885 | INFO     | src.core.feature_engineering:transform:92 - Feature engineering completed
2026-07-07 20:40:05.886 | INFO     | src.core.train_orchestrator:_phase_feature_engineering:111 - Validating Engineered Data Contract...
2026-07-07 20:40:05.886 | DEBUG    | src.core.validator:__init__:47 - Validator initialized.
Explicit: {'timestamp': 'datetime64[ns]', 'hour_of_day': 'int64', 'day_of_week': 'int64', 'is_weekend': 'int64', 'total_load': 'float64'}Patterns: [{'pattern': '^MT_\\d{3}$', 'type': 'float64'}]
2026-07-07 20:40:05.886 | INFO     | src.core.validator:validate:54 - Starting contract validation...
2026-07-07 20:40:05.894 | SUCCESS  | src.core.validator:validate:88 - Contract validation passed.
2026-07-07 20:40:05.894 | INFO     | src.core.train_orchestrator:_phase_feature_engineering:114 - Saving Processed data...
2026-07-07 20:40:25.521 | INFO     | src.core.preprocessing_service:save_processed_data:144 - Successfully saved sanitized data
2026-07-07 20:40:25.521 | INFO     | src.core.train_orchestrator:_phase_splitting:129 - Data Splitter - Time Series - started...
2026-07-07 20:40:25.521 | INFO     | src.core.splitter_service:split:24 - Starting time-series split
2026-07-07 20:40:25.523 | DEBUG    | src.core.splitter_service:split:49 - Split boundaries resolved
2026-07-07 20:40:25.620 | INFO     | src.core.splitter_service:split:78 - Split complete
2026-07-07 20:40:25.621 | INFO     | src.core.train_orchestrator:_phase_modeling:148 - --- Starting Model Engineering Phase ---
2026-07-07 20:40:25.621 | INFO     | src.core.modeling:get_worker:141 - Instantiating model worker
2026-07-07 20:40:25.622 | INFO     | src.core.modeling:__init__:76 - Initialized RandomForestRegressor worker
2026-07-07 20:40:25.622 | INFO     | src.core.modeling:train:84 - Training RandomForestRegressor
2026-07-07 20:40:39.224 | INFO     | src.core.modeling:train:92 - RandomForestRegressor training complete
2026-07-07 20:40:39.224 | INFO     | src.core.train_orchestrator:_phase_modeling:153 - Saving Model
2026-07-07 20:40:39.248 | INFO     | src.infra.artifact_manager:save_model:50 - Model artifact saved
2026-07-07 20:40:39.248 | INFO     | src.core.train_orchestrator:_phase_evaluation:166 - --- Starting Evaluation Phase ---
2026-07-07 20:40:39.248 | INFO     | src.core.evaluator:evaluate:15 - Starting model evaluation
2026-07-07 20:40:39.298 | INFO     | src.core.evaluator:evaluate:29 - Evaluation complete
2026-07-07 20:40:39.298 | INFO     | src.core.train_orchestrator:_phase_evaluation:170 - Saving Model Metrics
2026-07-07 20:40:39.299 | INFO     | src.infra.artifact_manager:save_metrics:100 - Metrics artifact saved
2026-07-07 20:40:39.299 | INFO     | src.core.train_orchestrator:run:218 - Pipeline executed successfully.
2026-07-07 20:40:39.300 | ERROR    | __main__:main:73 - Unexpected System Failure
Traceback (most recent call last):

  File "<frozen runpy>", line 198, in _run_module_as_main
  File "<frozen runpy>", line 88, in _run_code

  File "C:\mlops\projects\energy_forecasting\pipelines\train_pipeline.py", line 77, in <module>
    main()
    └ <function main at 0x0000020952DD3920>

> File "C:\mlops\projects\energy_forecasting\pipelines\train_pipeline.py", line 67, in main
    orchestrator.run()
    │            └ <function TrainingOrchestrator.run at 0x000002097456DB20>
    └ <src.core.train_orchestrator.TrainingOrchestrator object at 0x000002097457C050>

  File "C:\mlops\projects\energy_forecasting\src\core\train_orchestrator.py", line 229, in run
    metadata.ended_at = datetime.now(datetime.UTC)
    │        │          │        │   └ <class 'datetime.datetime'>
    │        │          │        └ <method 'now' of 'datetime.datetime' objects>
    │        │          └ <class 'datetime.datetime'>
    │        └ None
    └ PipelineRunMetadata(run_id='d40125f2a4c34de6b4b8b28d15e5e477', pipeline_name='train_pipeline', status='RUNNING', started_at=d...

AttributeError: type object 'datetime.datetime' has no attribute 'UTC'
2026-07-07 20:41:31.202 | DEBUG    | src.infra.logger:setup_logger:49 - File sink successfully attached at C:\mlops\projects\energy_forecasting\logs\pipeline.log
2026-07-07 20:41:31.202 | INFO     | __main__:main:24 - System Bootstrapping...
2026-07-07 20:41:31.203 | INFO     | src.infra.artifact_manager:__init__:35 - ArtifactManager initialized
2026-07-07 20:41:31.203 | INFO     | src.core.preprocessing_service:__init__:22 - DataPreprocessor initialized
2026-07-07 20:41:31.203 | INFO     | src.core.feature_engineering:__init__:17 - FeatureEngineer initialized
2026-07-07 20:41:31.203 | INFO     | src.core.splitter_service:__init__:16 - TimeSeriesSplitter initialized
2026-07-07 20:41:31.204 | INFO     | src.core.train_orchestrator:run:188 - Configuration loaded successfully.
2026-07-07 20:41:31.204 | INFO     | src.core.train_orchestrator:run:189 - Pipeline started
2026-07-07 20:41:31.204 | INFO     | src.core.train_orchestrator:_phase_ingestion:70 - Loading raw data
2026-07-07 20:41:31.204 | INFO     | src.core.train_orchestrator:_phase_ingestion:73 - Resolved raw data file: data\raw\LD2011_2014.txt
2026-07-07 20:41:31.204 | INFO     | src.core.ingestion_service:load_raw_energy_data:19 - Starting raw energy data ingestion
2026-07-07 20:41:31.205 | INFO     | src.infra.data_repository:read_csv:54 - Attempting to read CSV
2026-07-07 20:41:31.223 | DEBUG    | src.infra.data_repository:read_csv:82 - Resolved dtypes from schema
2026-07-07 20:41:38.305 | INFO     | src.infra.data_repository:read_csv:99 - CSV ingestion successful
2026-07-07 20:41:38.967 | INFO     | src.core.ingestion_service:load_raw_energy_data:58 - Ingestion successful
2026-07-07 20:41:38.967 | INFO     | src.core.train_orchestrator:_phase_ingestion:78 - Validating Raw Data Contract...
2026-07-07 20:41:38.967 | DEBUG    | src.core.validator:__init__:47 - Validator initialized.
Explicit: {'timestamp': 'datetime64[ns]'}Patterns: [{'pattern': '^MT_\\d{3}$', 'type': 'object'}]
2026-07-07 20:41:38.968 | INFO     | src.core.validator:validate:54 - Starting contract validation...
2026-07-07 20:41:38.974 | SUCCESS  | src.core.validator:validate:88 - Contract validation passed.
2026-07-07 20:41:38.974 | INFO     | src.core.train_orchestrator:_phase_preprocessing:88 - Preprocessing started...
2026-07-07 20:41:38.974 | INFO     | src.core.preprocessing_service:clean_data:30 - Starting data cleaning phase
2026-07-07 20:41:39.113 | DEBUG    | src.core.preprocessing_service:clean_data:46 - Dropped columns
2026-07-07 20:42:03.644 | DEBUG    | src.core.preprocessing_service:clean_data:59 - Converted MT_* columns to numeric
2026-07-07 20:42:03.773 | DEBUG    | src.core.preprocessing_service:clean_data:75 - Applied frequency conversion
2026-07-07 20:42:03.972 | DEBUG    | src.core.preprocessing_service:clean_data:108 - Applied imputation
2026-07-07 20:42:03.972 | INFO     | src.core.preprocessing_service:clean_data:115 - Data cleaning completed
2026-07-07 20:42:03.972 | INFO     | src.core.train_orchestrator:_phase_preprocessing:94 - Validating Preprocessed Data Contract...
2026-07-07 20:42:03.973 | DEBUG    | src.core.validator:__init__:47 - Validator initialized.
Explicit: {'timestamp': 'datetime64[ns]'}Patterns: [{'pattern': '^MT_\\d{3}$', 'type': 'float64'}]
2026-07-07 20:42:03.973 | INFO     | src.core.validator:validate:54 - Starting contract validation...
2026-07-07 20:42:03.980 | SUCCESS  | src.core.validator:validate:88 - Contract validation passed.
2026-07-07 20:42:03.980 | INFO     | src.core.train_orchestrator:_phase_feature_engineering:107 - Feature Engineering started...
2026-07-07 20:42:03.981 | INFO     | src.core.feature_engineering:transform:25 - Starting feature engineering
2026-07-07 20:42:04.546 | DEBUG    | src.core.feature_engineering:transform:44 - Created total_load feature
2026-07-07 20:42:04.565 | DEBUG    | src.core.feature_engineering:transform:64 - Created time-based features
2026-07-07 20:42:04.567 | INFO     | src.core.feature_engineering:transform:92 - Feature engineering completed
2026-07-07 20:42:04.567 | INFO     | src.core.train_orchestrator:_phase_feature_engineering:111 - Validating Engineered Data Contract...
2026-07-07 20:42:04.567 | DEBUG    | src.core.validator:__init__:47 - Validator initialized.
Explicit: {'timestamp': 'datetime64[ns]', 'hour_of_day': 'int64', 'day_of_week': 'int64', 'is_weekend': 'int64', 'total_load': 'float64'}Patterns: [{'pattern': '^MT_\\d{3}$', 'type': 'float64'}]
2026-07-07 20:42:04.567 | INFO     | src.core.validator:validate:54 - Starting contract validation...
2026-07-07 20:42:04.575 | SUCCESS  | src.core.validator:validate:88 - Contract validation passed.
2026-07-07 20:42:04.575 | INFO     | src.core.train_orchestrator:_phase_feature_engineering:114 - Saving Processed data...
2026-07-07 20:42:24.338 | INFO     | src.core.preprocessing_service:save_processed_data:144 - Successfully saved sanitized data
2026-07-07 20:42:24.338 | INFO     | src.core.train_orchestrator:_phase_splitting:129 - Data Splitter - Time Series - started...
2026-07-07 20:42:24.338 | INFO     | src.core.splitter_service:split:24 - Starting time-series split
2026-07-07 20:42:24.340 | DEBUG    | src.core.splitter_service:split:49 - Split boundaries resolved
2026-07-07 20:42:24.437 | INFO     | src.core.splitter_service:split:78 - Split complete
2026-07-07 20:42:24.439 | INFO     | src.core.train_orchestrator:_phase_modeling:148 - --- Starting Model Engineering Phase ---
2026-07-07 20:42:24.439 | INFO     | src.core.modeling:get_worker:141 - Instantiating model worker
2026-07-07 20:42:24.439 | INFO     | src.core.modeling:__init__:76 - Initialized RandomForestRegressor worker
2026-07-07 20:42:24.439 | INFO     | src.core.modeling:train:84 - Training RandomForestRegressor
2026-07-07 20:42:37.881 | INFO     | src.core.modeling:train:92 - RandomForestRegressor training complete
2026-07-07 20:42:37.881 | INFO     | src.core.train_orchestrator:_phase_modeling:153 - Saving Model
2026-07-07 20:42:37.905 | INFO     | src.infra.artifact_manager:save_model:50 - Model artifact saved
2026-07-07 20:42:37.905 | INFO     | src.core.train_orchestrator:_phase_evaluation:166 - --- Starting Evaluation Phase ---
2026-07-07 20:42:37.906 | INFO     | src.core.evaluator:evaluate:15 - Starting model evaluation
2026-07-07 20:42:37.955 | INFO     | src.core.evaluator:evaluate:29 - Evaluation complete
2026-07-07 20:42:37.955 | INFO     | src.core.train_orchestrator:_phase_evaluation:170 - Saving Model Metrics
2026-07-07 20:42:37.956 | INFO     | src.infra.artifact_manager:save_metrics:100 - Metrics artifact saved
2026-07-07 20:42:37.956 | INFO     | src.core.train_orchestrator:run:218 - Pipeline executed successfully.
2026-07-07 21:02:07.174 | DEBUG    | src.infra.logger:setup_logger:49 - File sink successfully attached at C:\mlops\projects\energy_forecasting\logs\pipeline.log
2026-07-07 21:02:07.174 | INFO     | __main__:main:24 - System Bootstrapping...
2026-07-07 21:02:07.175 | INFO     | src.infra.artifact_manager:__init__:35 - ArtifactManager initialized
2026-07-07 21:02:07.175 | INFO     | src.core.preprocessing_service:__init__:22 - DataPreprocessor initialized
2026-07-07 21:02:07.175 | INFO     | src.core.feature_engineering:__init__:17 - FeatureEngineer initialized
2026-07-07 21:02:07.175 | INFO     | src.core.splitter_service:__init__:16 - TimeSeriesSplitter initialized
2026-07-07 21:02:07.175 | INFO     | src.core.train_orchestrator:run:188 - Configuration loaded successfully.
2026-07-07 21:02:07.175 | INFO     | src.core.train_orchestrator:run:189 - Pipeline started
2026-07-07 21:02:07.176 | INFO     | src.core.train_orchestrator:_phase_ingestion:70 - Loading raw data
2026-07-07 21:02:07.176 | INFO     | src.core.train_orchestrator:_phase_ingestion:73 - Resolved raw data file: data\raw\LD2011_2014.txt
2026-07-07 21:02:07.176 | INFO     | src.core.ingestion_service:load_raw_energy_data:19 - Starting raw energy data ingestion
2026-07-07 21:02:07.176 | INFO     | src.infra.data_repository:read_csv:54 - Attempting to read CSV
2026-07-07 21:02:07.195 | DEBUG    | src.infra.data_repository:read_csv:82 - Resolved dtypes from schema
2026-07-07 21:02:14.193 | INFO     | src.infra.data_repository:read_csv:99 - CSV ingestion successful
2026-07-07 21:02:14.839 | INFO     | src.core.ingestion_service:load_raw_energy_data:58 - Ingestion successful
2026-07-07 21:02:14.839 | INFO     | src.core.train_orchestrator:_phase_ingestion:78 - Validating Raw Data Contract...
2026-07-07 21:02:14.840 | DEBUG    | src.core.validator:__init__:47 - Validator initialized.
Explicit: {'timestamp': 'datetime64[ns]'}Patterns: [{'pattern': '^MT_\\d{3}$', 'type': 'object'}]
2026-07-07 21:02:14.840 | INFO     | src.core.validator:validate:54 - Starting contract validation...
2026-07-07 21:02:14.846 | SUCCESS  | src.core.validator:validate:88 - Contract validation passed.
2026-07-07 21:02:14.846 | INFO     | src.core.train_orchestrator:_phase_preprocessing:88 - Preprocessing started...
2026-07-07 21:02:14.847 | INFO     | src.core.preprocessing_service:clean_data:30 - Starting data cleaning phase
2026-07-07 21:02:14.983 | DEBUG    | src.core.preprocessing_service:clean_data:46 - Dropped columns
2026-07-07 21:02:39.152 | DEBUG    | src.core.preprocessing_service:clean_data:59 - Converted MT_* columns to numeric
2026-07-07 21:02:39.271 | DEBUG    | src.core.preprocessing_service:clean_data:75 - Applied frequency conversion
2026-07-07 21:02:39.455 | DEBUG    | src.core.preprocessing_service:clean_data:108 - Applied imputation
2026-07-07 21:02:39.455 | INFO     | src.core.preprocessing_service:clean_data:115 - Data cleaning completed
2026-07-07 21:02:39.455 | INFO     | src.core.train_orchestrator:_phase_preprocessing:94 - Validating Preprocessed Data Contract...
2026-07-07 21:02:39.456 | DEBUG    | src.core.validator:__init__:47 - Validator initialized.
Explicit: {'timestamp': 'datetime64[ns]'}Patterns: [{'pattern': '^MT_\\d{3}$', 'type': 'float64'}]
2026-07-07 21:02:39.456 | INFO     | src.core.validator:validate:54 - Starting contract validation...
2026-07-07 21:02:39.463 | SUCCESS  | src.core.validator:validate:88 - Contract validation passed.
2026-07-07 21:02:39.464 | INFO     | src.core.train_orchestrator:_phase_feature_engineering:107 - Feature Engineering started...
2026-07-07 21:02:39.464 | INFO     | src.core.feature_engineering:transform:25 - Starting feature engineering
2026-07-07 21:02:40.058 | DEBUG    | src.core.feature_engineering:transform:44 - Created total_load feature
2026-07-07 21:02:40.077 | DEBUG    | src.core.feature_engineering:transform:64 - Created time-based features
2026-07-07 21:02:40.078 | INFO     | src.core.feature_engineering:transform:92 - Feature engineering completed
2026-07-07 21:02:40.078 | INFO     | src.core.train_orchestrator:_phase_feature_engineering:111 - Validating Engineered Data Contract...
2026-07-07 21:02:40.078 | DEBUG    | src.core.validator:__init__:47 - Validator initialized.
Explicit: {'timestamp': 'datetime64[ns]', 'hour_of_day': 'int64', 'day_of_week': 'int64', 'is_weekend': 'int64', 'total_load': 'float64'}Patterns: [{'pattern': '^MT_\\d{3}$', 'type': 'float64'}]
2026-07-07 21:02:40.079 | INFO     | src.core.validator:validate:54 - Starting contract validation...
2026-07-07 21:02:40.086 | SUCCESS  | src.core.validator:validate:88 - Contract validation passed.
2026-07-07 21:02:40.086 | INFO     | src.core.train_orchestrator:_phase_feature_engineering:114 - Saving Processed data...
2026-07-07 21:02:59.228 | INFO     | src.core.preprocessing_service:save_processed_data:144 - Successfully saved sanitized data
2026-07-07 21:02:59.228 | INFO     | src.core.train_orchestrator:_phase_splitting:129 - Data Splitter - Time Series - started...
2026-07-07 21:02:59.228 | INFO     | src.core.splitter_service:split:24 - Starting time-series split
2026-07-07 21:02:59.230 | DEBUG    | src.core.splitter_service:split:49 - Split boundaries resolved
2026-07-07 21:02:59.325 | INFO     | src.core.splitter_service:split:78 - Split complete
2026-07-07 21:02:59.327 | INFO     | src.core.train_orchestrator:_phase_modeling:148 - --- Starting Model Engineering Phase ---
2026-07-07 21:02:59.327 | INFO     | src.core.modeling:get_worker:141 - Instantiating model worker
2026-07-07 21:02:59.327 | INFO     | src.core.modeling:__init__:76 - Initialized RandomForestRegressor worker
2026-07-07 21:02:59.328 | INFO     | src.core.modeling:train:84 - Training RandomForestRegressor
2026-07-07 21:03:12.510 | INFO     | src.core.modeling:train:92 - RandomForestRegressor training complete
2026-07-07 21:03:12.511 | INFO     | src.core.train_orchestrator:_phase_modeling:153 - Saving Model
2026-07-07 21:03:12.536 | INFO     | src.infra.artifact_manager:save_model:50 - Model artifact saved
2026-07-07 21:03:12.536 | INFO     | src.core.train_orchestrator:_phase_evaluation:166 - --- Starting Evaluation Phase ---
2026-07-07 21:03:12.537 | INFO     | src.core.evaluator:evaluate:15 - Starting model evaluation
2026-07-07 21:03:12.586 | INFO     | src.core.evaluator:evaluate:29 - Evaluation complete
2026-07-07 21:03:12.586 | INFO     | src.core.train_orchestrator:_phase_evaluation:170 - Saving Model Metrics
2026-07-07 21:03:12.587 | INFO     | src.infra.artifact_manager:save_metrics:100 - Metrics artifact saved
2026-07-07 21:03:12.587 | INFO     | src.core.train_orchestrator:run:219 - Pipeline executed successfully.
2026-07-07 21:14:25.092 | DEBUG    | src.infra.logger:setup_logger:49 - File sink successfully attached at C:\mlops\projects\energy_forecasting\logs\pipeline.log
2026-07-07 21:14:25.092 | INFO     | __main__:main:24 - System Bootstrapping...
2026-07-07 21:14:25.093 | INFO     | src.infra.artifact_manager:__init__:35 - ArtifactManager initialized
2026-07-07 21:14:25.093 | INFO     | src.core.preprocessing_service:__init__:22 - DataPreprocessor initialized
2026-07-07 21:14:25.093 | INFO     | src.core.feature_engineering:__init__:17 - FeatureEngineer initialized
2026-07-07 21:14:25.094 | INFO     | src.core.splitter_service:__init__:16 - TimeSeriesSplitter initialized
2026-07-07 21:14:25.094 | INFO     | src.core.train_orchestrator:run:188 - Configuration loaded successfully.
2026-07-07 21:14:25.094 | INFO     | src.core.train_orchestrator:run:189 - Pipeline started
2026-07-07 21:14:25.094 | INFO     | src.core.train_orchestrator:_phase_ingestion:70 - Loading raw data
2026-07-07 21:14:25.094 | INFO     | src.core.train_orchestrator:_phase_ingestion:73 - Resolved raw data file: data\raw\LD2011_2014.txt
2026-07-07 21:14:25.094 | INFO     | src.core.ingestion_service:load_raw_energy_data:19 - Starting raw energy data ingestion
2026-07-07 21:14:25.095 | INFO     | src.infra.data_repository:read_csv:54 - Attempting to read CSV
2026-07-07 21:14:25.113 | DEBUG    | src.infra.data_repository:read_csv:82 - Resolved dtypes from schema
2026-07-07 21:14:32.176 | INFO     | src.infra.data_repository:read_csv:99 - CSV ingestion successful
2026-07-07 21:14:32.819 | INFO     | src.core.ingestion_service:load_raw_energy_data:58 - Ingestion successful
2026-07-07 21:14:32.819 | INFO     | src.core.train_orchestrator:_phase_ingestion:78 - Validating Raw Data Contract...
2026-07-07 21:14:32.819 | DEBUG    | src.core.validator:__init__:47 - Validator initialized.
Explicit: {'timestamp': 'datetime64[ns]'}Patterns: [{'pattern': '^MT_\\d{3}$', 'type': 'object'}]
2026-07-07 21:14:32.820 | INFO     | src.core.validator:validate:54 - Starting contract validation...
2026-07-07 21:14:32.826 | SUCCESS  | src.core.validator:validate:88 - Contract validation passed.
2026-07-07 21:14:32.826 | INFO     | src.core.train_orchestrator:_phase_preprocessing:88 - Preprocessing started...
2026-07-07 21:14:32.826 | INFO     | src.core.preprocessing_service:clean_data:30 - Starting data cleaning phase
2026-07-07 21:14:32.972 | DEBUG    | src.core.preprocessing_service:clean_data:46 - Dropped columns
2026-07-07 21:14:57.170 | DEBUG    | src.core.preprocessing_service:clean_data:59 - Converted MT_* columns to numeric
2026-07-07 21:14:57.290 | DEBUG    | src.core.preprocessing_service:clean_data:75 - Applied frequency conversion
2026-07-07 21:14:57.466 | DEBUG    | src.core.preprocessing_service:clean_data:108 - Applied imputation
2026-07-07 21:14:57.467 | INFO     | src.core.preprocessing_service:clean_data:115 - Data cleaning completed
2026-07-07 21:14:57.467 | INFO     | src.core.train_orchestrator:_phase_preprocessing:94 - Validating Preprocessed Data Contract...
2026-07-07 21:14:57.467 | DEBUG    | src.core.validator:__init__:47 - Validator initialized.
Explicit: {'timestamp': 'datetime64[ns]'}Patterns: [{'pattern': '^MT_\\d{3}$', 'type': 'float64'}]
2026-07-07 21:14:57.467 | INFO     | src.core.validator:validate:54 - Starting contract validation...
2026-07-07 21:14:57.475 | SUCCESS  | src.core.validator:validate:88 - Contract validation passed.
2026-07-07 21:14:57.475 | INFO     | src.core.train_orchestrator:_phase_feature_engineering:107 - Feature Engineering started...
2026-07-07 21:14:57.476 | INFO     | src.core.feature_engineering:transform:25 - Starting feature engineering
2026-07-07 21:14:58.142 | DEBUG    | src.core.feature_engineering:transform:44 - Created total_load feature
2026-07-07 21:14:58.162 | DEBUG    | src.core.feature_engineering:transform:64 - Created time-based features
2026-07-07 21:14:58.163 | INFO     | src.core.feature_engineering:transform:92 - Feature engineering completed
2026-07-07 21:14:58.163 | INFO     | src.core.train_orchestrator:_phase_feature_engineering:111 - Validating Engineered Data Contract...
2026-07-07 21:14:58.163 | DEBUG    | src.core.validator:__init__:47 - Validator initialized.
Explicit: {'timestamp': 'datetime64[ns]', 'hour_of_day': 'int64', 'day_of_week': 'int64', 'is_weekend': 'int64', 'total_load': 'float64'}Patterns: [{'pattern': '^MT_\\d{3}$', 'type': 'float64'}]
2026-07-07 21:14:58.164 | INFO     | src.core.validator:validate:54 - Starting contract validation...
2026-07-07 21:14:58.171 | SUCCESS  | src.core.validator:validate:88 - Contract validation passed.
2026-07-07 21:14:58.171 | INFO     | src.core.train_orchestrator:_phase_feature_engineering:114 - Saving Processed data...
2026-07-07 21:15:17.795 | INFO     | src.core.preprocessing_service:save_processed_data:144 - Successfully saved sanitized data
2026-07-07 21:15:17.796 | INFO     | src.core.train_orchestrator:_phase_splitting:129 - Data Splitter - Time Series - started...
2026-07-07 21:15:17.796 | INFO     | src.core.splitter_service:split:24 - Starting time-series split
2026-07-07 21:15:17.797 | DEBUG    | src.core.splitter_service:split:49 - Split boundaries resolved
2026-07-07 21:15:17.894 | INFO     | src.core.splitter_service:split:78 - Split complete
2026-07-07 21:15:17.896 | INFO     | src.core.train_orchestrator:_phase_modeling:148 - --- Starting Model Engineering Phase ---
2026-07-07 21:15:17.896 | INFO     | src.core.modeling:get_worker:141 - Instantiating model worker
2026-07-07 21:15:17.896 | INFO     | src.core.modeling:__init__:76 - Initialized RandomForestRegressor worker
2026-07-07 21:15:17.896 | INFO     | src.core.modeling:train:84 - Training RandomForestRegressor
2026-07-07 21:15:31.806 | INFO     | src.core.modeling:train:92 - RandomForestRegressor training complete
2026-07-07 21:15:31.806 | INFO     | src.core.train_orchestrator:_phase_modeling:153 - Saving Model
2026-07-07 21:15:31.831 | INFO     | src.infra.artifact_manager:save_model:50 - Model artifact saved
2026-07-07 21:15:31.831 | INFO     | src.core.train_orchestrator:_phase_evaluation:166 - --- Starting Evaluation Phase ---
2026-07-07 21:15:31.831 | INFO     | src.core.evaluator:evaluate:15 - Starting model evaluation
2026-07-07 21:15:31.881 | INFO     | src.core.evaluator:evaluate:29 - Evaluation complete
2026-07-07 21:15:31.881 | INFO     | src.core.train_orchestrator:_phase_evaluation:170 - Saving Model Metrics
2026-07-07 21:15:31.882 | INFO     | src.infra.artifact_manager:save_metrics:100 - Metrics artifact saved
2026-07-07 21:15:31.882 | INFO     | src.core.train_orchestrator:run:219 - Pipeline executed successfully.
2026-07-07 21:15:31.882 | ERROR    | __main__:main:73 - Unexpected System Failure
Traceback (most recent call last):

  File "<frozen runpy>", line 198, in _run_module_as_main
  File "<frozen runpy>", line 88, in _run_code

  File "C:\mlops\projects\energy_forecasting\pipelines\train_pipeline.py", line 77, in <module>
    main()
    └ <function main at 0x00000296BC383920>

> File "C:\mlops\projects\energy_forecasting\pipelines\train_pipeline.py", line 67, in main
    orchestrator.run()
    │            └ <function TrainingOrchestrator.run at 0x00000296DDB29B20>
    └ <src.core.train_orchestrator.TrainingOrchestrator object at 0x00000296DDB44050>

  File "C:\mlops\projects\energy_forecasting\src\core\train_orchestrator.py", line 232, in run
    self._snapshot_config(metadata)
    │    │                └ PipelineRunMetadata(run_id='f0b46057aa4c4892bc28c5fbc45710dd', pipeline_name='train_pipeline', status='SUCCESS', started_at=d...
    │    └ <function TrainingOrchestrator._snapshot_config at 0x00000296DDB29D00>
    └ <src.core.train_orchestrator.TrainingOrchestrator object at 0x00000296DDB44050>

  File "C:\mlops\projects\energy_forecasting\src\core\train_orchestrator.py", line 290, in _snapshot_config
    config_dict = self.config.dict()
                  │    └ AppConfig(project_name='Modular AutoML Energy Forecasting System', version='1.0.0', env=EnvConfig(mode='dev', compute={'num_w...
                  └ <src.core.train_orchestrator.TrainingOrchestrator object at 0x00000296DDB44050>

AttributeError: 'AppConfig' object has no attribute 'dict'
2026-07-07 21:24:31.771 | DEBUG    | src.infra.logger:setup_logger:49 - File sink successfully attached at C:\mlops\projects\energy_forecasting\logs\pipeline.log
2026-07-07 21:24:31.771 | INFO     | __main__:main:24 - System Bootstrapping...
2026-07-07 21:24:31.772 | INFO     | src.infra.artifact_manager:__init__:35 - ArtifactManager initialized
2026-07-07 21:24:31.772 | INFO     | src.core.preprocessing_service:__init__:22 - DataPreprocessor initialized
2026-07-07 21:24:31.772 | INFO     | src.core.feature_engineering:__init__:17 - FeatureEngineer initialized
2026-07-07 21:24:31.772 | INFO     | src.core.splitter_service:__init__:16 - TimeSeriesSplitter initialized
2026-07-07 21:24:31.773 | INFO     | src.core.train_orchestrator:run:190 - Configuration loaded successfully.
2026-07-07 21:24:31.773 | INFO     | src.core.train_orchestrator:run:191 - Pipeline started
2026-07-07 21:24:31.773 | INFO     | src.core.train_orchestrator:_phase_ingestion:72 - Loading raw data
2026-07-07 21:24:31.773 | INFO     | src.core.train_orchestrator:_phase_ingestion:75 - Resolved raw data file: data\raw\LD2011_2014.txt
2026-07-07 21:24:31.773 | INFO     | src.core.ingestion_service:load_raw_energy_data:19 - Starting raw energy data ingestion
2026-07-07 21:24:31.774 | INFO     | src.infra.data_repository:read_csv:54 - Attempting to read CSV
2026-07-07 21:24:31.792 | DEBUG    | src.infra.data_repository:read_csv:82 - Resolved dtypes from schema
2026-07-07 21:24:38.844 | INFO     | src.infra.data_repository:read_csv:99 - CSV ingestion successful
2026-07-07 21:24:39.487 | INFO     | src.core.ingestion_service:load_raw_energy_data:58 - Ingestion successful
2026-07-07 21:24:39.487 | INFO     | src.core.train_orchestrator:_phase_ingestion:80 - Validating Raw Data Contract...
2026-07-07 21:24:39.488 | DEBUG    | src.core.validator:__init__:47 - Validator initialized.
Explicit: {'timestamp': 'datetime64[ns]'}Patterns: [{'pattern': '^MT_\\d{3}$', 'type': 'object'}]
2026-07-07 21:24:39.488 | INFO     | src.core.validator:validate:54 - Starting contract validation...
2026-07-07 21:24:39.495 | SUCCESS  | src.core.validator:validate:88 - Contract validation passed.
2026-07-07 21:24:39.495 | INFO     | src.core.train_orchestrator:_phase_preprocessing:90 - Preprocessing started...
2026-07-07 21:24:39.495 | INFO     | src.core.preprocessing_service:clean_data:30 - Starting data cleaning phase
2026-07-07 21:24:39.634 | DEBUG    | src.core.preprocessing_service:clean_data:46 - Dropped columns
2026-07-07 21:25:03.744 | DEBUG    | src.core.preprocessing_service:clean_data:59 - Converted MT_* columns to numeric
2026-07-07 21:25:03.857 | DEBUG    | src.core.preprocessing_service:clean_data:75 - Applied frequency conversion
2026-07-07 21:25:04.064 | DEBUG    | src.core.preprocessing_service:clean_data:108 - Applied imputation
2026-07-07 21:25:04.064 | INFO     | src.core.preprocessing_service:clean_data:115 - Data cleaning completed
2026-07-07 21:25:04.065 | INFO     | src.core.train_orchestrator:_phase_preprocessing:96 - Validating Preprocessed Data Contract...
2026-07-07 21:25:04.065 | DEBUG    | src.core.validator:__init__:47 - Validator initialized.
Explicit: {'timestamp': 'datetime64[ns]'}Patterns: [{'pattern': '^MT_\\d{3}$', 'type': 'float64'}]
2026-07-07 21:25:04.065 | INFO     | src.core.validator:validate:54 - Starting contract validation...
2026-07-07 21:25:04.073 | SUCCESS  | src.core.validator:validate:88 - Contract validation passed.
2026-07-07 21:25:04.073 | INFO     | src.core.train_orchestrator:_phase_feature_engineering:109 - Feature Engineering started...
2026-07-07 21:25:04.073 | INFO     | src.core.feature_engineering:transform:25 - Starting feature engineering
2026-07-07 21:25:04.652 | DEBUG    | src.core.feature_engineering:transform:44 - Created total_load feature
2026-07-07 21:25:04.671 | DEBUG    | src.core.feature_engineering:transform:64 - Created time-based features
2026-07-07 21:25:04.672 | INFO     | src.core.feature_engineering:transform:92 - Feature engineering completed
2026-07-07 21:25:04.672 | INFO     | src.core.train_orchestrator:_phase_feature_engineering:113 - Validating Engineered Data Contract...
2026-07-07 21:25:04.672 | DEBUG    | src.core.validator:__init__:47 - Validator initialized.
Explicit: {'timestamp': 'datetime64[ns]', 'hour_of_day': 'int64', 'day_of_week': 'int64', 'is_weekend': 'int64', 'total_load': 'float64'}Patterns: [{'pattern': '^MT_\\d{3}$', 'type': 'float64'}]
2026-07-07 21:25:04.673 | INFO     | src.core.validator:validate:54 - Starting contract validation...
2026-07-07 21:25:04.680 | SUCCESS  | src.core.validator:validate:88 - Contract validation passed.
2026-07-07 21:25:04.680 | INFO     | src.core.train_orchestrator:_phase_feature_engineering:116 - Saving Processed data...
2026-07-07 21:25:23.979 | INFO     | src.core.preprocessing_service:save_processed_data:144 - Successfully saved sanitized data
2026-07-07 21:25:23.979 | INFO     | src.core.train_orchestrator:_phase_splitting:131 - Data Splitter - Time Series - started...
2026-07-07 21:25:23.979 | INFO     | src.core.splitter_service:split:24 - Starting time-series split
2026-07-07 21:25:23.981 | DEBUG    | src.core.splitter_service:split:49 - Split boundaries resolved
2026-07-07 21:25:24.077 | INFO     | src.core.splitter_service:split:78 - Split complete
2026-07-07 21:25:24.079 | INFO     | src.core.train_orchestrator:_phase_modeling:150 - --- Starting Model Engineering Phase ---
2026-07-07 21:25:24.079 | INFO     | src.core.modeling:get_worker:141 - Instantiating model worker
2026-07-07 21:25:24.079 | INFO     | src.core.modeling:__init__:76 - Initialized RandomForestRegressor worker
2026-07-07 21:25:24.079 | INFO     | src.core.modeling:train:84 - Training RandomForestRegressor
2026-07-07 21:25:36.921 | INFO     | src.core.modeling:train:92 - RandomForestRegressor training complete
2026-07-07 21:25:36.922 | INFO     | src.core.train_orchestrator:_phase_modeling:155 - Saving Model
2026-07-07 21:25:36.946 | INFO     | src.infra.artifact_manager:save_model:50 - Model artifact saved
2026-07-07 21:25:36.946 | INFO     | src.core.train_orchestrator:_phase_evaluation:168 - --- Starting Evaluation Phase ---
2026-07-07 21:25:36.946 | INFO     | src.core.evaluator:evaluate:15 - Starting model evaluation
2026-07-07 21:25:36.995 | INFO     | src.core.evaluator:evaluate:29 - Evaluation complete
2026-07-07 21:25:36.996 | INFO     | src.core.train_orchestrator:_phase_evaluation:172 - Saving Model Metrics
2026-07-07 21:25:36.997 | INFO     | src.infra.artifact_manager:save_metrics:100 - Metrics artifact saved
2026-07-07 21:25:36.997 | INFO     | src.core.train_orchestrator:run:221 - Pipeline executed successfully.
2026-07-07 21:25:36.998 | ERROR    | __main__:main:73 - Unexpected System Failure
Traceback (most recent call last):

  File "<frozen runpy>", line 198, in _run_module_as_main
  File "<frozen runpy>", line 88, in _run_code

  File "C:\mlops\projects\energy_forecasting\pipelines\train_pipeline.py", line 77, in <module>
    main()
    └ <function main at 0x00000221B1D53920>

> File "C:\mlops\projects\energy_forecasting\pipelines\train_pipeline.py", line 67, in main
    orchestrator.run()
    │            └ <function TrainingOrchestrator.run at 0x00000221D34E9B20>
    └ <src.core.train_orchestrator.TrainingOrchestrator object at 0x00000221D3504050>

  File "C:\mlops\projects\energy_forecasting\src\core\train_orchestrator.py", line 234, in run
    self._snapshot_config(metadata)
    │    │                └ PipelineRunMetadata(run_id='f9147a8d78ce44b3af30037dc9244f8e', pipeline_name='train_pipeline', status='SUCCESS', started_at=d...
    │    └ <function TrainingOrchestrator._snapshot_config at 0x00000221D34E9D00>
    └ <src.core.train_orchestrator.TrainingOrchestrator object at 0x00000221D3504050>

  File "C:\mlops\projects\energy_forecasting\src\core\train_orchestrator.py", line 296, in _snapshot_config
    yaml.safe_dump(config_dict, f)
    │    │         │            └ <_io.TextIOWrapper name='C:\\mlops\\projects\\energy_forecasting\\artifacts\\metadata\\config_f9147a8d78ce44b3af30037dc9244f8...
    │    │         └ {'project_name': 'Modular AutoML Energy Forecasting System', 'version': '1.0.0', 'env': {'mode': 'dev', 'compute': {'num_work...
    │    └ <function safe_dump at 0x00000221AFC70F40>
    └ <module 'yaml' from 'C:\\mlops\\projects\\energy_forecasting\\.venv\\Lib\\site-packages\\yaml\\__init__.py'>

  File "C:\mlops\projects\energy_forecasting\.venv\Lib\site-packages\yaml\__init__.py", line 269, in safe_dump
    return dump_all([data], stream, Dumper=SafeDumper, **kwds)
           │         │      │              │             └ {}
           │         │      │              └ <class 'yaml.dumper.SafeDumper'>
           │         │      └ <_io.TextIOWrapper name='C:\\mlops\\projects\\energy_forecasting\\artifacts\\metadata\\config_f9147a8d78ce44b3af30037dc9244f8...
           │         └ {'project_name': 'Modular AutoML Energy Forecasting System', 'version': '1.0.0', 'env': {'mode': 'dev', 'compute': {'num_work...
           └ <function dump_all at 0x00000221AFC70D60>
  File "C:\mlops\projects\energy_forecasting\.venv\Lib\site-packages\yaml\__init__.py", line 241, in dump_all
    dumper.represent(data)
    │      │         └ {'project_name': 'Modular AutoML Energy Forecasting System', 'version': '1.0.0', 'env': {'mode': 'dev', 'compute': {'num_work...
    │      └ <function BaseRepresenter.represent at 0x00000221AFC5A660>
    └ <yaml.dumper.SafeDumper object at 0x00000221D3504830>
  File "C:\mlops\projects\energy_forecasting\.venv\Lib\site-packages\yaml\representer.py", line 27, in represent
    node = self.represent_data(data)
           │    │              └ {'project_name': 'Modular AutoML Energy Forecasting System', 'version': '1.0.0', 'env': {'mode': 'dev', 'compute': {'num_work...
           │    └ <function BaseRepresenter.represent_data at 0x00000221AFC5A700>
           └ <yaml.dumper.SafeDumper object at 0x00000221D3504830>
  File "C:\mlops\projects\energy_forecasting\.venv\Lib\site-packages\yaml\representer.py", line 48, in represent_data
    node = self.yaml_representers[data_types[0]](self, data)
           │    │                 │              │     └ {'project_name': 'Modular AutoML Energy Forecasting System', 'version': '1.0.0', 'env': {'mode': 'dev', 'compute': {'num_work...
           │    │                 │              └ <yaml.dumper.SafeDumper object at 0x00000221D3504830>
           │    │                 └ (<class 'dict'>, <class 'object'>)
           │    └ {<class 'NoneType'>: <function SafeRepresenter.represent_none at 0x00000221AFC5AD40>, <class 'str'>: <function SafeRepresente...
           └ <yaml.dumper.SafeDumper object at 0x00000221D3504830>
  File "C:\mlops\projects\energy_forecasting\.venv\Lib\site-packages\yaml\representer.py", line 207, in represent_dict
    return self.represent_mapping('tag:yaml.org,2002:map', data)
           │    │                                          └ {'project_name': 'Modular AutoML Energy Forecasting System', 'version': '1.0.0', 'env': {'mode': 'dev', 'compute': {'num_work...
           │    └ <function BaseRepresenter.represent_mapping at 0x00000221AFC5AB60>
           └ <yaml.dumper.SafeDumper object at 0x00000221D3504830>
  File "C:\mlops\projects\energy_forecasting\.venv\Lib\site-packages\yaml\representer.py", line 118, in represent_mapping
    node_value = self.represent_data(item_value)
                 │    │              └ {'raw_data': 'data/raw', 'processed_data': 'data/processed', 'interim_data': 'data/interim', 'logs': 'logs', 'project_root': ...
                 │    └ <function BaseRepresenter.represent_data at 0x00000221AFC5A700>
                 └ <yaml.dumper.SafeDumper object at 0x00000221D3504830>
  File "C:\mlops\projects\energy_forecasting\.venv\Lib\site-packages\yaml\representer.py", line 48, in represent_data
    node = self.yaml_representers[data_types[0]](self, data)
           │    │                 │              │     └ {'raw_data': 'data/raw', 'processed_data': 'data/processed', 'interim_data': 'data/interim', 'logs': 'logs', 'project_root': ...
           │    │                 │              └ <yaml.dumper.SafeDumper object at 0x00000221D3504830>
           │    │                 └ (<class 'dict'>, <class 'object'>)
           │    └ {<class 'NoneType'>: <function SafeRepresenter.represent_none at 0x00000221AFC5AD40>, <class 'str'>: <function SafeRepresente...
           └ <yaml.dumper.SafeDumper object at 0x00000221D3504830>
  File "C:\mlops\projects\energy_forecasting\.venv\Lib\site-packages\yaml\representer.py", line 207, in represent_dict
    return self.represent_mapping('tag:yaml.org,2002:map', data)
           │    │                                          └ {'raw_data': 'data/raw', 'processed_data': 'data/processed', 'interim_data': 'data/interim', 'logs': 'logs', 'project_root': ...
           │    └ <function BaseRepresenter.represent_mapping at 0x00000221AFC5AB60>
           └ <yaml.dumper.SafeDumper object at 0x00000221D3504830>
  File "C:\mlops\projects\energy_forecasting\.venv\Lib\site-packages\yaml\representer.py", line 118, in represent_mapping
    node_value = self.represent_data(item_value)
                 │    │              └ WindowsPath('C:/mlops/projects/energy_forecasting')
                 │    └ <function BaseRepresenter.represent_data at 0x00000221AFC5A700>
                 └ <yaml.dumper.SafeDumper object at 0x00000221D3504830>
  File "C:\mlops\projects\energy_forecasting\.venv\Lib\site-packages\yaml\representer.py", line 58, in represent_data
    node = self.yaml_representers[None](self, data)
           │    │                       │     └ WindowsPath('C:/mlops/projects/energy_forecasting')
           │    │                       └ <yaml.dumper.SafeDumper object at 0x00000221D3504830>
           │    └ {<class 'NoneType'>: <function SafeRepresenter.represent_none at 0x00000221AFC5AD40>, <class 'str'>: <function SafeRepresente...
           └ <yaml.dumper.SafeDumper object at 0x00000221D3504830>
  File "C:\mlops\projects\energy_forecasting\.venv\Lib\site-packages\yaml\representer.py", line 231, in represent_undefined
    raise RepresenterError("cannot represent an object", data)
          │                                              └ WindowsPath('C:/mlops/projects/energy_forecasting')
          └ <class 'yaml.representer.RepresenterError'>

yaml.representer.RepresenterError: ('cannot represent an object', WindowsPath('C:/mlops/projects/energy_forecasting'))
2026-07-07 21:28:33.020 | DEBUG    | src.infra.logger:setup_logger:49 - File sink successfully attached at C:\mlops\projects\energy_forecasting\logs\pipeline.log
2026-07-07 21:28:33.020 | INFO     | __main__:main:24 - System Bootstrapping...
2026-07-07 21:28:33.021 | INFO     | src.infra.artifact_manager:__init__:35 - ArtifactManager initialized
2026-07-07 21:28:33.021 | INFO     | src.core.preprocessing_service:__init__:22 - DataPreprocessor initialized
2026-07-07 21:28:33.021 | INFO     | src.core.feature_engineering:__init__:17 - FeatureEngineer initialized
2026-07-07 21:28:33.021 | INFO     | src.core.splitter_service:__init__:16 - TimeSeriesSplitter initialized
2026-07-07 21:28:33.021 | INFO     | src.core.train_orchestrator:run:191 - Configuration loaded successfully.
2026-07-07 21:28:33.022 | INFO     | src.core.train_orchestrator:run:192 - Pipeline started
2026-07-07 21:28:33.022 | INFO     | src.core.train_orchestrator:_phase_ingestion:73 - Loading raw data
2026-07-07 21:28:33.022 | INFO     | src.core.train_orchestrator:_phase_ingestion:76 - Resolved raw data file: data\raw\LD2011_2014.txt
2026-07-07 21:28:33.022 | INFO     | src.core.ingestion_service:load_raw_energy_data:19 - Starting raw energy data ingestion
2026-07-07 21:28:33.022 | INFO     | src.infra.data_repository:read_csv:54 - Attempting to read CSV
2026-07-07 21:28:33.040 | DEBUG    | src.infra.data_repository:read_csv:82 - Resolved dtypes from schema
2026-07-07 21:28:40.082 | INFO     | src.infra.data_repository:read_csv:99 - CSV ingestion successful
2026-07-07 21:28:40.754 | INFO     | src.core.ingestion_service:load_raw_energy_data:58 - Ingestion successful
2026-07-07 21:28:40.754 | INFO     | src.core.train_orchestrator:_phase_ingestion:81 - Validating Raw Data Contract...
2026-07-07 21:28:40.754 | DEBUG    | src.core.validator:__init__:47 - Validator initialized.
Explicit: {'timestamp': 'datetime64[ns]'}Patterns: [{'pattern': '^MT_\\d{3}$', 'type': 'object'}]
2026-07-07 21:28:40.755 | INFO     | src.core.validator:validate:54 - Starting contract validation...
2026-07-07 21:28:40.761 | SUCCESS  | src.core.validator:validate:88 - Contract validation passed.
2026-07-07 21:28:40.761 | INFO     | src.core.train_orchestrator:_phase_preprocessing:91 - Preprocessing started...
2026-07-07 21:28:40.762 | INFO     | src.core.preprocessing_service:clean_data:30 - Starting data cleaning phase
2026-07-07 21:28:40.901 | DEBUG    | src.core.preprocessing_service:clean_data:46 - Dropped columns
2026-07-07 21:29:04.984 | DEBUG    | src.core.preprocessing_service:clean_data:59 - Converted MT_* columns to numeric
2026-07-07 21:29:05.104 | DEBUG    | src.core.preprocessing_service:clean_data:75 - Applied frequency conversion
2026-07-07 21:29:05.289 | DEBUG    | src.core.preprocessing_service:clean_data:108 - Applied imputation
2026-07-07 21:29:05.289 | INFO     | src.core.preprocessing_service:clean_data:115 - Data cleaning completed
2026-07-07 21:29:05.290 | INFO     | src.core.train_orchestrator:_phase_preprocessing:97 - Validating Preprocessed Data Contract...
2026-07-07 21:29:05.290 | DEBUG    | src.core.validator:__init__:47 - Validator initialized.
Explicit: {'timestamp': 'datetime64[ns]'}Patterns: [{'pattern': '^MT_\\d{3}$', 'type': 'float64'}]
2026-07-07 21:29:05.290 | INFO     | src.core.validator:validate:54 - Starting contract validation...
2026-07-07 21:29:05.298 | SUCCESS  | src.core.validator:validate:88 - Contract validation passed.
2026-07-07 21:29:05.298 | INFO     | src.core.train_orchestrator:_phase_feature_engineering:110 - Feature Engineering started...
2026-07-07 21:29:05.298 | INFO     | src.core.feature_engineering:transform:25 - Starting feature engineering
2026-07-07 21:29:05.912 | DEBUG    | src.core.feature_engineering:transform:44 - Created total_load feature
2026-07-07 21:29:05.931 | DEBUG    | src.core.feature_engineering:transform:64 - Created time-based features
2026-07-07 21:29:05.933 | INFO     | src.core.feature_engineering:transform:92 - Feature engineering completed
2026-07-07 21:29:05.933 | INFO     | src.core.train_orchestrator:_phase_feature_engineering:114 - Validating Engineered Data Contract...
2026-07-07 21:29:05.933 | DEBUG    | src.core.validator:__init__:47 - Validator initialized.
Explicit: {'timestamp': 'datetime64[ns]', 'hour_of_day': 'int64', 'day_of_week': 'int64', 'is_weekend': 'int64', 'total_load': 'float64'}Patterns: [{'pattern': '^MT_\\d{3}$', 'type': 'float64'}]
2026-07-07 21:29:05.933 | INFO     | src.core.validator:validate:54 - Starting contract validation...
2026-07-07 21:29:05.941 | SUCCESS  | src.core.validator:validate:88 - Contract validation passed.
2026-07-07 21:29:05.941 | INFO     | src.core.train_orchestrator:_phase_feature_engineering:117 - Saving Processed data...
2026-07-07 21:29:25.324 | INFO     | src.core.preprocessing_service:save_processed_data:144 - Successfully saved sanitized data
2026-07-07 21:29:25.324 | INFO     | src.core.train_orchestrator:_phase_splitting:132 - Data Splitter - Time Series - started...
2026-07-07 21:29:25.325 | INFO     | src.core.splitter_service:split:24 - Starting time-series split
2026-07-07 21:29:25.326 | DEBUG    | src.core.splitter_service:split:49 - Split boundaries resolved
2026-07-07 21:29:25.424 | INFO     | src.core.splitter_service:split:78 - Split complete
2026-07-07 21:29:25.426 | INFO     | src.core.train_orchestrator:_phase_modeling:151 - --- Starting Model Engineering Phase ---
2026-07-07 21:29:25.426 | INFO     | src.core.modeling:get_worker:141 - Instantiating model worker
2026-07-07 21:29:25.426 | INFO     | src.core.modeling:__init__:76 - Initialized RandomForestRegressor worker
2026-07-07 21:29:25.427 | INFO     | src.core.modeling:train:84 - Training RandomForestRegressor
2026-07-07 21:29:38.334 | INFO     | src.core.modeling:train:92 - RandomForestRegressor training complete
2026-07-07 21:29:38.334 | INFO     | src.core.train_orchestrator:_phase_modeling:156 - Saving Model
2026-07-07 21:29:38.359 | INFO     | src.infra.artifact_manager:save_model:50 - Model artifact saved
2026-07-07 21:29:38.359 | INFO     | src.core.train_orchestrator:_phase_evaluation:169 - --- Starting Evaluation Phase ---
2026-07-07 21:29:38.360 | INFO     | src.core.evaluator:evaluate:15 - Starting model evaluation
2026-07-07 21:29:38.409 | INFO     | src.core.evaluator:evaluate:29 - Evaluation complete
2026-07-07 21:29:38.409 | INFO     | src.core.train_orchestrator:_phase_evaluation:173 - Saving Model Metrics
2026-07-07 21:29:38.410 | INFO     | src.infra.artifact_manager:save_metrics:100 - Metrics artifact saved
2026-07-07 21:29:38.410 | INFO     | src.core.train_orchestrator:run:222 - Pipeline executed successfully.
2026-07-07 21:29:38.410 | ERROR    | __main__:main:73 - Unexpected System Failure
Traceback (most recent call last):

  File "<frozen runpy>", line 198, in _run_module_as_main
  File "<frozen runpy>", line 88, in _run_code

  File "C:\mlops\projects\energy_forecasting\pipelines\train_pipeline.py", line 77, in <module>
    main()
    └ <function main at 0x00000264AEB43920>

> File "C:\mlops\projects\energy_forecasting\pipelines\train_pipeline.py", line 67, in main
    orchestrator.run()
    │            └ <function TrainingOrchestrator.run at 0x00000264D02E9C60>
    └ <src.core.train_orchestrator.TrainingOrchestrator object at 0x00000264D02F8050>

  File "C:\mlops\projects\energy_forecasting\src\core\train_orchestrator.py", line 235, in run
    self._snapshot_config(metadata)
    │                     └ PipelineRunMetadata(run_id='a342baed90ea4198a60e84b1f6b05a51', pipeline_name='train_pipeline', status='SUCCESS', started_at=d...
    └ <src.core.train_orchestrator.TrainingOrchestrator object at 0x00000264D02F8050>

AttributeError: 'TrainingOrchestrator' object has no attribute '_snapshot_config'
2026-07-07 21:30:06.794 | DEBUG    | src.infra.logger:setup_logger:49 - File sink successfully attached at C:\mlops\projects\energy_forecasting\logs\pipeline.log
2026-07-07 21:30:06.794 | INFO     | __main__:main:24 - System Bootstrapping...
2026-07-07 21:30:06.794 | INFO     | src.infra.artifact_manager:__init__:35 - ArtifactManager initialized
2026-07-07 21:30:06.795 | INFO     | src.core.preprocessing_service:__init__:22 - DataPreprocessor initialized
2026-07-07 21:30:06.795 | INFO     | src.core.feature_engineering:__init__:17 - FeatureEngineer initialized
2026-07-07 21:30:06.795 | INFO     | src.core.splitter_service:__init__:16 - TimeSeriesSplitter initialized
2026-07-07 21:30:06.795 | INFO     | src.core.train_orchestrator:run:191 - Configuration loaded successfully.
2026-07-07 21:30:06.795 | INFO     | src.core.train_orchestrator:run:192 - Pipeline started
2026-07-07 21:30:06.796 | INFO     | src.core.train_orchestrator:_phase_ingestion:73 - Loading raw data
2026-07-07 21:30:06.796 | INFO     | src.core.train_orchestrator:_phase_ingestion:76 - Resolved raw data file: data\raw\LD2011_2014.txt
2026-07-07 21:30:06.796 | INFO     | src.core.ingestion_service:load_raw_energy_data:19 - Starting raw energy data ingestion
2026-07-07 21:30:06.796 | INFO     | src.infra.data_repository:read_csv:54 - Attempting to read CSV
2026-07-07 21:30:06.814 | DEBUG    | src.infra.data_repository:read_csv:82 - Resolved dtypes from schema
2026-07-07 21:30:13.823 | INFO     | src.infra.data_repository:read_csv:99 - CSV ingestion successful
2026-07-07 21:30:14.464 | INFO     | src.core.ingestion_service:load_raw_energy_data:58 - Ingestion successful
2026-07-07 21:30:14.464 | INFO     | src.core.train_orchestrator:_phase_ingestion:81 - Validating Raw Data Contract...
2026-07-07 21:30:14.464 | DEBUG    | src.core.validator:__init__:47 - Validator initialized.
Explicit: {'timestamp': 'datetime64[ns]'}Patterns: [{'pattern': '^MT_\\d{3}$', 'type': 'object'}]
2026-07-07 21:30:14.464 | INFO     | src.core.validator:validate:54 - Starting contract validation...
2026-07-07 21:30:14.471 | SUCCESS  | src.core.validator:validate:88 - Contract validation passed.
2026-07-07 21:30:14.471 | INFO     | src.core.train_orchestrator:_phase_preprocessing:91 - Preprocessing started...
2026-07-07 21:30:14.471 | INFO     | src.core.preprocessing_service:clean_data:30 - Starting data cleaning phase
2026-07-07 21:30:14.607 | DEBUG    | src.core.preprocessing_service:clean_data:46 - Dropped columns
2026-07-07 21:30:38.575 | DEBUG    | src.core.preprocessing_service:clean_data:59 - Converted MT_* columns to numeric
2026-07-07 21:30:38.693 | DEBUG    | src.core.preprocessing_service:clean_data:75 - Applied frequency conversion
2026-07-07 21:30:38.881 | DEBUG    | src.core.preprocessing_service:clean_data:108 - Applied imputation
2026-07-07 21:30:38.882 | INFO     | src.core.preprocessing_service:clean_data:115 - Data cleaning completed
2026-07-07 21:30:38.882 | INFO     | src.core.train_orchestrator:_phase_preprocessing:97 - Validating Preprocessed Data Contract...
2026-07-07 21:30:38.882 | DEBUG    | src.core.validator:__init__:47 - Validator initialized.
Explicit: {'timestamp': 'datetime64[ns]'}Patterns: [{'pattern': '^MT_\\d{3}$', 'type': 'float64'}]
2026-07-07 21:30:38.882 | INFO     | src.core.validator:validate:54 - Starting contract validation...
2026-07-07 21:30:38.890 | SUCCESS  | src.core.validator:validate:88 - Contract validation passed.
2026-07-07 21:30:38.890 | INFO     | src.core.train_orchestrator:_phase_feature_engineering:110 - Feature Engineering started...
2026-07-07 21:30:38.890 | INFO     | src.core.feature_engineering:transform:25 - Starting feature engineering
2026-07-07 21:30:39.488 | DEBUG    | src.core.feature_engineering:transform:44 - Created total_load feature
2026-07-07 21:30:39.507 | DEBUG    | src.core.feature_engineering:transform:64 - Created time-based features
2026-07-07 21:30:39.508 | INFO     | src.core.feature_engineering:transform:92 - Feature engineering completed
2026-07-07 21:30:39.508 | INFO     | src.core.train_orchestrator:_phase_feature_engineering:114 - Validating Engineered Data Contract...
2026-07-07 21:30:39.508 | DEBUG    | src.core.validator:__init__:47 - Validator initialized.
Explicit: {'timestamp': 'datetime64[ns]', 'hour_of_day': 'int64', 'day_of_week': 'int64', 'is_weekend': 'int64', 'total_load': 'float64'}Patterns: [{'pattern': '^MT_\\d{3}$', 'type': 'float64'}]
2026-07-07 21:30:39.509 | INFO     | src.core.validator:validate:54 - Starting contract validation...
2026-07-07 21:30:39.516 | SUCCESS  | src.core.validator:validate:88 - Contract validation passed.
2026-07-07 21:30:39.516 | INFO     | src.core.train_orchestrator:_phase_feature_engineering:117 - Saving Processed data...
2026-07-07 21:30:58.689 | INFO     | src.core.preprocessing_service:save_processed_data:144 - Successfully saved sanitized data
2026-07-07 21:30:58.690 | INFO     | src.core.train_orchestrator:_phase_splitting:132 - Data Splitter - Time Series - started...
2026-07-07 21:30:58.690 | INFO     | src.core.splitter_service:split:24 - Starting time-series split
2026-07-07 21:30:58.691 | DEBUG    | src.core.splitter_service:split:49 - Split boundaries resolved
2026-07-07 21:30:58.790 | INFO     | src.core.splitter_service:split:78 - Split complete
2026-07-07 21:30:58.791 | INFO     | src.core.train_orchestrator:_phase_modeling:151 - --- Starting Model Engineering Phase ---
2026-07-07 21:30:58.792 | INFO     | src.core.modeling:get_worker:141 - Instantiating model worker
2026-07-07 21:30:58.792 | INFO     | src.core.modeling:__init__:76 - Initialized RandomForestRegressor worker
2026-07-07 21:30:58.792 | INFO     | src.core.modeling:train:84 - Training RandomForestRegressor
2026-07-07 21:31:11.616 | INFO     | src.core.modeling:train:92 - RandomForestRegressor training complete
2026-07-07 21:31:11.616 | INFO     | src.core.train_orchestrator:_phase_modeling:156 - Saving Model
2026-07-07 21:31:11.641 | INFO     | src.infra.artifact_manager:save_model:50 - Model artifact saved
2026-07-07 21:31:11.641 | INFO     | src.core.train_orchestrator:_phase_evaluation:169 - --- Starting Evaluation Phase ---
2026-07-07 21:31:11.641 | INFO     | src.core.evaluator:evaluate:15 - Starting model evaluation
2026-07-07 21:31:11.690 | INFO     | src.core.evaluator:evaluate:29 - Evaluation complete
2026-07-07 21:31:11.691 | INFO     | src.core.train_orchestrator:_phase_evaluation:173 - Saving Model Metrics
2026-07-07 21:31:11.691 | INFO     | src.infra.artifact_manager:save_metrics:100 - Metrics artifact saved
2026-07-07 21:31:11.692 | INFO     | src.core.train_orchestrator:run:222 - Pipeline executed successfully.
2026-07-07 22:09:32.126 | DEBUG    | src.infra.logger:setup_logger:49 - File sink successfully attached at C:\mlops\projects\energy_forecasting\logs\pipeline.log
2026-07-07 22:09:32.126 | INFO     | __main__:main:25 - System Bootstrapping...
2026-07-07 22:09:32.127 | INFO     | src.infra.artifact_manager:__init__:35 - ArtifactManager initialized
2026-07-07 22:09:32.127 | INFO     | src.core.preprocessing_service:__init__:22 - DataPreprocessor initialized
2026-07-07 22:09:32.127 | INFO     | src.core.feature_engineering:__init__:17 - FeatureEngineer initialized
2026-07-07 22:09:32.127 | INFO     | src.core.splitter_service:__init__:16 - TimeSeriesSplitter initialized
2026-07-07 22:09:32.128 | ERROR    | __main__:main:78 - Unexpected System Failure
Traceback (most recent call last):

  File "<frozen runpy>", line 198, in _run_module_as_main
  File "<frozen runpy>", line 88, in _run_code

  File "C:\mlops\projects\energy_forecasting\pipelines\train_pipeline.py", line 82, in <module>
    main()
    └ <function main at 0x000001EA9572F920>

> File "C:\mlops\projects\energy_forecasting\pipelines\train_pipeline.py", line 58, in main
    orchestrator = TrainingOrchestrator(
                   └ <class 'src.core.train_orchestrator.TrainingOrchestrator'>

TypeError: TrainingOrchestrator.__init__() got an unexpected keyword argument 'registry'
2026-07-07 22:12:40.153 | DEBUG    | src.infra.logger:setup_logger:49 - File sink successfully attached at C:\mlops\projects\energy_forecasting\logs\pipeline.log
2026-07-07 22:12:40.153 | INFO     | __main__:main:25 - System Bootstrapping...
2026-07-07 22:12:40.154 | INFO     | src.infra.artifact_manager:__init__:35 - ArtifactManager initialized
2026-07-07 22:12:40.154 | INFO     | src.core.preprocessing_service:__init__:22 - DataPreprocessor initialized
2026-07-07 22:12:40.154 | INFO     | src.core.feature_engineering:__init__:17 - FeatureEngineer initialized
2026-07-07 22:12:40.154 | INFO     | src.core.splitter_service:__init__:16 - TimeSeriesSplitter initialized
2026-07-07 22:12:40.155 | ERROR    | __main__:main:78 - Unexpected System Failure
Traceback (most recent call last):

  File "<frozen runpy>", line 198, in _run_module_as_main
  File "<frozen runpy>", line 88, in _run_code

  File "C:\mlops\projects\energy_forecasting\pipelines\train_pipeline.py", line 82, in <module>
    main()
    └ <function main at 0x000002CDCB53F920>

> File "C:\mlops\projects\energy_forecasting\pipelines\train_pipeline.py", line 58, in main
    orchestrator = TrainingOrchestrator(
                   └ <class 'src.core.train_orchestrator.TrainingOrchestrator'>

  File "C:\mlops\projects\energy_forecasting\src\core\train_orchestrator.py", line 58, in __init__
    self._phase_registry - registry
    │    │                 └ <src.core.model_registry.ModelRegistry object at 0x000002CDECC0FB60>
    │    └ <function TrainingOrchestrator._phase_registry at 0x000002CDECCED940>
    └ <src.core.train_orchestrator.TrainingOrchestrator object at 0x000002CDECC0FCB0>

TypeError: unsupported operand type(s) for -: 'method' and 'ModelRegistry'
2026-07-07 22:13:27.029 | DEBUG    | src.infra.logger:setup_logger:49 - File sink successfully attached at C:\mlops\projects\energy_forecasting\logs\pipeline.log
2026-07-07 22:13:27.029 | INFO     | __main__:main:25 - System Bootstrapping...
2026-07-07 22:13:27.030 | INFO     | src.infra.artifact_manager:__init__:35 - ArtifactManager initialized
2026-07-07 22:13:27.030 | INFO     | src.core.preprocessing_service:__init__:22 - DataPreprocessor initialized
2026-07-07 22:13:27.030 | INFO     | src.core.feature_engineering:__init__:17 - FeatureEngineer initialized
2026-07-07 22:13:27.030 | INFO     | src.core.splitter_service:__init__:16 - TimeSeriesSplitter initialized
2026-07-07 22:13:27.031 | INFO     | src.core.train_orchestrator:run:209 - Configuration loaded successfully.
2026-07-07 22:13:27.031 | INFO     | src.core.train_orchestrator:run:210 - Pipeline started
2026-07-07 22:13:27.031 | INFO     | src.core.train_orchestrator:_phase_ingestion:75 - Loading raw data
2026-07-07 22:13:27.031 | INFO     | src.core.train_orchestrator:_phase_ingestion:78 - Resolved raw data file: data\raw\LD2011_2014.txt
2026-07-07 22:13:27.031 | INFO     | src.core.ingestion_service:load_raw_energy_data:19 - Starting raw energy data ingestion
2026-07-07 22:13:27.032 | INFO     | src.infra.data_repository:read_csv:54 - Attempting to read CSV
2026-07-07 22:13:27.050 | DEBUG    | src.infra.data_repository:read_csv:82 - Resolved dtypes from schema
2026-07-07 22:13:34.124 | INFO     | src.infra.data_repository:read_csv:99 - CSV ingestion successful
2026-07-07 22:13:34.777 | INFO     | src.core.ingestion_service:load_raw_energy_data:58 - Ingestion successful
2026-07-07 22:13:34.777 | INFO     | src.core.train_orchestrator:_phase_ingestion:83 - Validating Raw Data Contract...
2026-07-07 22:13:34.777 | DEBUG    | src.core.validator:__init__:47 - Validator initialized.
Explicit: {'timestamp': 'datetime64[ns]'}Patterns: [{'pattern': '^MT_\\d{3}$', 'type': 'object'}]
2026-07-07 22:13:34.777 | INFO     | src.core.validator:validate:54 - Starting contract validation...
2026-07-07 22:13:34.784 | SUCCESS  | src.core.validator:validate:88 - Contract validation passed.
2026-07-07 22:13:34.784 | INFO     | src.core.train_orchestrator:_phase_preprocessing:93 - Preprocessing started...
2026-07-07 22:13:34.784 | INFO     | src.core.preprocessing_service:clean_data:30 - Starting data cleaning phase
2026-07-07 22:13:34.916 | DEBUG    | src.core.preprocessing_service:clean_data:46 - Dropped columns
2026-07-07 22:13:58.894 | DEBUG    | src.core.preprocessing_service:clean_data:59 - Converted MT_* columns to numeric
2026-07-07 22:13:59.013 | DEBUG    | src.core.preprocessing_service:clean_data:75 - Applied frequency conversion
2026-07-07 22:13:59.223 | DEBUG    | src.core.preprocessing_service:clean_data:108 - Applied imputation
2026-07-07 22:13:59.223 | INFO     | src.core.preprocessing_service:clean_data:115 - Data cleaning completed
2026-07-07 22:13:59.223 | INFO     | src.core.train_orchestrator:_phase_preprocessing:99 - Validating Preprocessed Data Contract...
2026-07-07 22:13:59.223 | DEBUG    | src.core.validator:__init__:47 - Validator initialized.
Explicit: {'timestamp': 'datetime64[ns]'}Patterns: [{'pattern': '^MT_\\d{3}$', 'type': 'float64'}]
2026-07-07 22:13:59.223 | INFO     | src.core.validator:validate:54 - Starting contract validation...
2026-07-07 22:13:59.231 | SUCCESS  | src.core.validator:validate:88 - Contract validation passed.
2026-07-07 22:13:59.231 | INFO     | src.core.train_orchestrator:_phase_feature_engineering:112 - Feature Engineering started...
2026-07-07 22:13:59.231 | INFO     | src.core.feature_engineering:transform:25 - Starting feature engineering
2026-07-07 22:13:59.817 | DEBUG    | src.core.feature_engineering:transform:44 - Created total_load feature
2026-07-07 22:13:59.837 | DEBUG    | src.core.feature_engineering:transform:64 - Created time-based features
2026-07-07 22:13:59.838 | INFO     | src.core.feature_engineering:transform:92 - Feature engineering completed
2026-07-07 22:13:59.838 | INFO     | src.core.train_orchestrator:_phase_feature_engineering:116 - Validating Engineered Data Contract...
2026-07-07 22:13:59.838 | DEBUG    | src.core.validator:__init__:47 - Validator initialized.
Explicit: {'timestamp': 'datetime64[ns]', 'hour_of_day': 'int64', 'day_of_week': 'int64', 'is_weekend': 'int64', 'total_load': 'float64'}Patterns: [{'pattern': '^MT_\\d{3}$', 'type': 'float64'}]
2026-07-07 22:13:59.838 | INFO     | src.core.validator:validate:54 - Starting contract validation...
2026-07-07 22:13:59.846 | SUCCESS  | src.core.validator:validate:88 - Contract validation passed.
2026-07-07 22:13:59.846 | INFO     | src.core.train_orchestrator:_phase_feature_engineering:119 - Saving Processed data...
2026-07-07 22:14:19.010 | INFO     | src.core.preprocessing_service:save_processed_data:144 - Successfully saved sanitized data
2026-07-07 22:14:19.011 | INFO     | src.core.train_orchestrator:_phase_splitting:134 - Data Splitter - Time Series - started...
2026-07-07 22:14:19.011 | INFO     | src.core.splitter_service:split:24 - Starting time-series split
2026-07-07 22:14:19.012 | DEBUG    | src.core.splitter_service:split:49 - Split boundaries resolved
2026-07-07 22:14:19.110 | INFO     | src.core.splitter_service:split:78 - Split complete
2026-07-07 22:14:19.112 | INFO     | src.core.train_orchestrator:_phase_modeling:153 - --- Starting Model Engineering Phase ---
2026-07-07 22:14:19.112 | INFO     | src.core.modeling:get_worker:141 - Instantiating model worker
2026-07-07 22:14:19.112 | INFO     | src.core.modeling:__init__:76 - Initialized RandomForestRegressor worker
2026-07-07 22:14:19.112 | INFO     | src.core.modeling:train:84 - Training RandomForestRegressor
2026-07-07 22:14:32.049 | INFO     | src.core.modeling:train:92 - RandomForestRegressor training complete
2026-07-07 22:14:32.049 | INFO     | src.core.train_orchestrator:_phase_modeling:158 - Saving Model
2026-07-07 22:14:32.074 | INFO     | src.infra.artifact_manager:save_model:50 - Model artifact saved
2026-07-07 22:14:32.074 | INFO     | src.core.train_orchestrator:_phase_evaluation:171 - --- Starting Evaluation Phase ---
2026-07-07 22:14:32.074 | INFO     | src.core.evaluator:evaluate:15 - Starting model evaluation
2026-07-07 22:14:32.124 | INFO     | src.core.evaluator:evaluate:29 - Evaluation complete
2026-07-07 22:14:32.124 | INFO     | src.core.train_orchestrator:_phase_evaluation:175 - Saving Model Metrics
2026-07-07 22:14:32.125 | INFO     | src.infra.artifact_manager:save_metrics:100 - Metrics artifact saved
2026-07-07 22:14:32.125 | INFO     | src.core.train_orchestrator:_phase_registry:193 - --- Registering Model ---
2026-07-07 22:14:32.126 | INFO     | src.core.train_orchestrator:run:244 - Pipeline executed successfully.
2026-07-07 22:44:31.039 | DEBUG    | src.infra.logger:setup_logger:49 - File sink successfully attached at C:\mlops\projects\energy_forecasting\logs\pipeline.log
2026-07-07 22:44:31.039 | INFO     | __main__:main:25 - System Bootstrapping...
2026-07-07 22:44:31.040 | INFO     | src.infra.artifact_manager:__init__:35 - ArtifactManager initialized
2026-07-07 22:44:31.040 | INFO     | src.core.preprocessing_service:__init__:22 - DataPreprocessor initialized
2026-07-07 22:44:31.040 | INFO     | src.core.feature_engineering:__init__:17 - FeatureEngineer initialized
2026-07-07 22:44:31.040 | INFO     | src.core.splitter_service:__init__:16 - TimeSeriesSplitter initialized
2026-07-07 22:44:31.041 | INFO     | src.core.train_orchestrator:run:219 - Configuration loaded successfully.
2026-07-07 22:44:31.041 | INFO     | src.core.train_orchestrator:run:220 - Pipeline started
2026-07-07 22:44:31.041 | INFO     | src.core.train_orchestrator:_phase_ingestion:85 - Loading raw data
2026-07-07 22:44:31.041 | INFO     | src.core.train_orchestrator:_phase_ingestion:88 - Resolved raw data file: data\raw\LD2011_2014.txt
2026-07-07 22:44:31.042 | INFO     | src.core.ingestion_service:load_raw_energy_data:19 - Starting raw energy data ingestion
2026-07-07 22:44:31.042 | INFO     | src.infra.data_repository:read_csv:54 - Attempting to read CSV
2026-07-07 22:44:31.061 | DEBUG    | src.infra.data_repository:read_csv:82 - Resolved dtypes from schema
2026-07-07 22:44:38.238 | INFO     | src.infra.data_repository:read_csv:99 - CSV ingestion successful
2026-07-07 22:44:38.889 | INFO     | src.core.ingestion_service:load_raw_energy_data:58 - Ingestion successful
2026-07-07 22:44:38.889 | INFO     | src.core.train_orchestrator:_phase_ingestion:93 - Validating Raw Data Contract...
2026-07-07 22:44:38.889 | DEBUG    | src.core.validator:__init__:47 - Validator initialized.
Explicit: {'timestamp': 'datetime64[ns]'}Patterns: [{'pattern': '^MT_\\d{3}$', 'type': 'object'}]
2026-07-07 22:44:38.890 | INFO     | src.core.validator:validate:54 - Starting contract validation...
2026-07-07 22:44:38.896 | SUCCESS  | src.core.validator:validate:88 - Contract validation passed.
2026-07-07 22:44:38.896 | INFO     | src.core.train_orchestrator:_phase_preprocessing:103 - Preprocessing started...
2026-07-07 22:44:38.896 | INFO     | src.core.preprocessing_service:clean_data:30 - Starting data cleaning phase
2026-07-07 22:44:39.035 | DEBUG    | src.core.preprocessing_service:clean_data:46 - Dropped columns
2026-07-07 22:45:03.140 | DEBUG    | src.core.preprocessing_service:clean_data:59 - Converted MT_* columns to numeric
2026-07-07 22:45:03.262 | DEBUG    | src.core.preprocessing_service:clean_data:75 - Applied frequency conversion
2026-07-07 22:45:03.452 | DEBUG    | src.core.preprocessing_service:clean_data:108 - Applied imputation
2026-07-07 22:45:03.452 | INFO     | src.core.preprocessing_service:clean_data:115 - Data cleaning completed
2026-07-07 22:45:03.452 | INFO     | src.core.train_orchestrator:_phase_preprocessing:109 - Validating Preprocessed Data Contract...
2026-07-07 22:45:03.452 | DEBUG    | src.core.validator:__init__:47 - Validator initialized.
Explicit: {'timestamp': 'datetime64[ns]'}Patterns: [{'pattern': '^MT_\\d{3}$', 'type': 'float64'}]
2026-07-07 22:45:03.452 | INFO     | src.core.validator:validate:54 - Starting contract validation...
2026-07-07 22:45:03.460 | SUCCESS  | src.core.validator:validate:88 - Contract validation passed.
2026-07-07 22:45:03.460 | INFO     | src.core.train_orchestrator:_phase_feature_engineering:122 - Feature Engineering started...
2026-07-07 22:45:03.460 | INFO     | src.core.feature_engineering:transform:25 - Starting feature engineering
2026-07-07 22:45:04.075 | DEBUG    | src.core.feature_engineering:transform:44 - Created total_load feature
2026-07-07 22:45:04.095 | DEBUG    | src.core.feature_engineering:transform:64 - Created time-based features
2026-07-07 22:45:04.096 | INFO     | src.core.feature_engineering:transform:92 - Feature engineering completed
2026-07-07 22:45:04.096 | INFO     | src.core.train_orchestrator:_phase_feature_engineering:126 - Validating Engineered Data Contract...
2026-07-07 22:45:04.096 | DEBUG    | src.core.validator:__init__:47 - Validator initialized.
Explicit: {'timestamp': 'datetime64[ns]', 'hour_of_day': 'int64', 'day_of_week': 'int64', 'is_weekend': 'int64', 'total_load': 'float64'}Patterns: [{'pattern': '^MT_\\d{3}$', 'type': 'float64'}]
2026-07-07 22:45:04.096 | INFO     | src.core.validator:validate:54 - Starting contract validation...
2026-07-07 22:45:04.104 | SUCCESS  | src.core.validator:validate:88 - Contract validation passed.
2026-07-07 22:45:04.104 | INFO     | src.core.train_orchestrator:_phase_feature_engineering:129 - Saving Processed data...
2026-07-07 22:45:23.572 | INFO     | src.core.preprocessing_service:save_processed_data:144 - Successfully saved sanitized data
2026-07-07 22:45:23.572 | INFO     | src.core.train_orchestrator:_phase_splitting:144 - Data Splitter - Time Series - started...
2026-07-07 22:45:23.572 | INFO     | src.core.splitter_service:split:24 - Starting time-series split
2026-07-07 22:45:23.573 | DEBUG    | src.core.splitter_service:split:49 - Split boundaries resolved
2026-07-07 22:45:23.670 | INFO     | src.core.splitter_service:split:78 - Split complete
2026-07-07 22:45:23.672 | INFO     | src.core.train_orchestrator:_phase_modeling:163 - --- Starting Model Engineering Phase ---
2026-07-07 22:45:23.672 | INFO     | src.core.modeling:get_worker:141 - Instantiating model worker
2026-07-07 22:45:23.672 | INFO     | src.core.modeling:__init__:76 - Initialized RandomForestRegressor worker
2026-07-07 22:45:23.673 | INFO     | src.core.modeling:train:84 - Training RandomForestRegressor
2026-07-07 22:45:38.050 | INFO     | src.core.modeling:train:92 - RandomForestRegressor training complete
2026-07-07 22:45:38.050 | INFO     | src.core.train_orchestrator:_phase_modeling:168 - Saving Model
2026-07-07 22:45:38.074 | INFO     | src.infra.artifact_manager:save_model:50 - Model artifact saved
2026-07-07 22:45:38.074 | INFO     | src.core.train_orchestrator:_phase_evaluation:181 - --- Starting Evaluation Phase ---
2026-07-07 22:45:38.075 | INFO     | src.core.evaluator:evaluate:15 - Starting model evaluation
2026-07-07 22:45:38.128 | INFO     | src.core.evaluator:evaluate:29 - Evaluation complete
2026-07-07 22:45:38.128 | INFO     | src.core.train_orchestrator:_phase_evaluation:185 - Saving Model Metrics
2026-07-07 22:45:38.129 | INFO     | src.infra.artifact_manager:save_metrics:100 - Metrics artifact saved
2026-07-07 22:45:38.129 | INFO     | src.core.train_orchestrator:_phase_registry:203 - --- Registering Model ---
2026-07-07 22:45:38.131 | INFO     | src.core.train_orchestrator:run:254 - Pipeline executed successfully.
